{"C:\\Users\\okria\\Coding\\practice\\vitest\\testing-react-with-vitest-and-reacttestinglibrary\\src\\components\\Comment\\Comment.tsx": {"path":"C:\\Users\\okria\\Coding\\practice\\vitest\\testing-react-with-vitest-and-reacttestinglibrary\\src\\components\\Comment\\Comment.tsx","statementMap":{"0":{"start":{"line":7,"column":25},"end":{"line":7,"column":null}},"1":{"start":{"line":20,"column":22},"end":{"line":20,"column":null}},"2":{"start":{"line":29,"column":22},"end":{"line":29,"column":null}},"3":{"start":{"line":47,"column":23},"end":{"line":47,"column":null}},"4":{"start":{"line":52,"column":21},"end":{"line":52,"column":null}},"5":{"start":{"line":67,"column":23},"end":{"line":67,"column":null}},"6":{"start":{"line":84,"column":32},"end":{"line":84,"column":null}},"7":{"start":{"line":86,"column":21},"end":{"line":89,"column":null}},"8":{"start":{"line":87,"column":4},"end":{"line":87,"column":null}},"9":{"start":{"line":88,"column":4},"end":{"line":88,"column":null}},"10":{"start":{"line":91,"column":23},"end":{"line":95,"column":null}},"11":{"start":{"line":92,"column":4},"end":{"line":94,"column":null}},"12":{"start":{"line":93,"column":6},"end":{"line":93,"column":null}},"13":{"start":{"line":97,"column":2},"end":{"line":107,"column":null}},"14":{"start":{"line":98,"column":4},"end":{"line":105,"column":null}},"15":{"start":{"line":109,"column":2},"end":{"line":132,"column":null}},"16":{"start":{"line":122,"column":41},"end":{"line":122,"column":61}}},"fnMap":{"0":{"name":"Comment","decl":{"start":{"line":83,"column":16},"end":{"line":83,"column":24}},"loc":{"start":{"line":83,"column":80},"end":{"line":134,"column":null}},"line":83},"1":{"name":"(anonymous_1)","decl":{"start":{"line":86,"column":21},"end":{"line":86,"column":27}},"loc":{"start":{"line":86,"column":64},"end":{"line":89,"column":null}},"line":86},"2":{"name":"(anonymous_2)","decl":{"start":{"line":91,"column":23},"end":{"line":91,"column":35}},"loc":{"start":{"line":91,"column":35},"end":{"line":95,"column":null}},"line":91},"3":{"name":"(anonymous_3)","decl":{"start":{"line":122,"column":35},"end":{"line":122,"column":41}},"loc":{"start":{"line":122,"column":41},"end":{"line":122,"column":61}},"line":122}},"branchMap":{"0":{"loc":{"start":{"line":92,"column":4},"end":{"line":94,"column":null}},"type":"if","locations":[{"start":{"line":92,"column":4},"end":{"line":94,"column":null}},{"start":{},"end":{}}],"line":92},"1":{"loc":{"start":{"line":97,"column":2},"end":{"line":107,"column":null}},"type":"if","locations":[{"start":{"line":97,"column":2},"end":{"line":107,"column":null}},{"start":{},"end":{}}],"line":97},"2":{"loc":{"start":{"line":120,"column":9},"end":{"line":129,"column":null}},"type":"binary-expr","locations":[{"start":{"line":120,"column":9},"end":{"line":120,"column":null}},{"start":{"line":121,"column":10},"end":{"line":129,"column":null}}],"line":120}},"s":{"0":1,"1":1,"2":1,"3":1,"4":1,"5":1,"6":1,"7":1,"8":0,"9":0,"10":1,"11":0,"12":0,"13":1,"14":0,"15":1,"16":0},"f":{"0":1,"1":0,"2":0,"3":0},"b":{"0":[0,0],"1":[0,1],"2":[1,0]},"meta":{"lastBranch":3,"lastFunction":4,"lastStatement":17,"seen":{"s:7:25:7:Infinity":0,"s:20:22:20:Infinity":1,"s:29:22:29:Infinity":2,"s:47:23:47:Infinity":3,"s:52:21:52:Infinity":4,"s:67:23:67:Infinity":5,"f:83:16:83:24":0,"s:84:32:84:Infinity":6,"s:86:21:89:Infinity":7,"f:86:21:86:27":1,"s:87:4:87:Infinity":8,"s:88:4:88:Infinity":9,"s:91:23:95:Infinity":10,"f:91:23:91:35":2,"b:92:4:94:Infinity:undefined:undefined:undefined:undefined":0,"s:92:4:94:Infinity":11,"s:93:6:93:Infinity":12,"b:97:2:107:Infinity:undefined:undefined:undefined:undefined":1,"s:97:2:107:Infinity":13,"s:98:4:105:Infinity":14,"s:109:2:132:Infinity":15,"b:120:9:120:Infinity:121:10:129:Infinity":2,"f:122:35:122:41":3,"s:122:41:122:61":16}}}
,"C:\\Users\\okria\\Coding\\practice\\vitest\\testing-react-with-vitest-and-reacttestinglibrary\\src\\components\\CommentForm\\CommentForm.tsx": {"path":"C:\\Users\\okria\\Coding\\practice\\vitest\\testing-react-with-vitest-and-reacttestinglibrary\\src\\components\\CommentForm\\CommentForm.tsx","statementMap":{"0":{"start":{"line":6,"column":13},"end":{"line":6,"column":null}},"1":{"start":{"line":10,"column":17},"end":{"line":10,"column":null}},"2":{"start":{"line":25,"column":21},"end":{"line":25,"column":null}},"3":{"start":{"line":31,"column":21},"end":{"line":31,"column":null}},"4":{"start":{"line":52,"column":22},"end":{"line":60,"column":null}},"5":{"start":{"line":57,"column":23},"end":{"line":57,"column":64}},"6":{"start":{"line":80,"column":2},"end":{"line":85,"column":null}},"7":{"start":{"line":87,"column":27},"end":{"line":92,"column":null}},"8":{"start":{"line":88,"column":4},"end":{"line":88,"column":null}},"9":{"start":{"line":89,"column":4},"end":{"line":91,"column":null}},"10":{"start":{"line":90,"column":6},"end":{"line":90,"column":null}},"11":{"start":{"line":94,"column":2},"end":{"line":106,"column":null}}},"fnMap":{"0":{"name":"(anonymous_0)","decl":{"start":{"line":57,"column":12},"end":{"line":57,"column":13}},"loc":{"start":{"line":57,"column":23},"end":{"line":57,"column":64}},"line":57},"1":{"name":"CommentForm","decl":{"start":{"line":70,"column":16},"end":{"line":70,"column":28}},"loc":{"start":{"line":74,"column":21},"end":{"line":108,"column":null}},"line":74},"2":{"name":"(anonymous_2)","decl":{"start":{"line":87,"column":27},"end":{"line":87,"column":34}},"loc":{"start":{"line":87,"column":60},"end":{"line":92,"column":null}},"line":87}},"branchMap":{"0":{"loc":{"start":{"line":72,"column":2},"end":{"line":72,"column":null}},"type":"default-arg","locations":[{"start":{"line":72,"column":17},"end":{"line":72,"column":null}}],"line":72},"1":{"loc":{"start":{"line":73,"column":2},"end":{"line":73,"column":null}},"type":"default-arg","locations":[{"start":{"line":73,"column":16},"end":{"line":73,"column":null}}],"line":73},"2":{"loc":{"start":{"line":89,"column":4},"end":{"line":91,"column":null}},"type":"if","locations":[{"start":{"line":89,"column":4},"end":{"line":91,"column":null}},{"start":{},"end":{}}],"line":89},"3":{"loc":{"start":{"line":100,"column":7},"end":{"line":101,"column":null}},"type":"binary-expr","locations":[{"start":{"line":100,"column":7},"end":{"line":100,"column":null}},{"start":{"line":101,"column":8},"end":{"line":101,"column":null}}],"line":100},"4":{"loc":{"start":{"line":104,"column":9},"end":{"line":104,"column":null}},"type":"cond-expr","locations":[{"start":{"line":104,"column":24},"end":{"line":104,"column":39}},{"start":{"line":104,"column":39},"end":{"line":104,"column":null}}],"line":104}},"s":{"0":1,"1":1,"2":1,"3":1,"4":1,"5":0,"6":0,"7":0,"8":0,"9":0,"10":0,"11":0},"f":{"0":0,"1":0,"2":0},"b":{"0":[0],"1":[0],"2":[0,0],"3":[0,0],"4":[0,0]},"meta":{"lastBranch":5,"lastFunction":3,"lastStatement":12,"seen":{"s:6:13:6:Infinity":0,"s:10:17:10:Infinity":1,"s:25:21:25:Infinity":2,"s:31:21:31:Infinity":3,"s:52:22:60:Infinity":4,"f:57:12:57:13":0,"s:57:23:57:64":5,"f:70:16:70:28":1,"b:72:17:72:Infinity":0,"b:73:16:73:Infinity":1,"s:80:2:85:Infinity":6,"s:87:27:92:Infinity":7,"f:87:27:87:34":2,"s:88:4:88:Infinity":8,"b:89:4:91:Infinity:undefined:undefined:undefined:undefined":2,"s:89:4:91:Infinity":9,"s:90:6:90:Infinity":10,"s:94:2:106:Infinity":11,"b:100:7:100:Infinity:101:8:101:Infinity":3,"b:104:24:104:39:104:39:104:Infinity":4}}}
}
