{"C:\\Users\\okria\\Coding\\practice\\vitest\\testing-react-with-vitest-and-reacttestinglibrary\\src\\App.css": {"path":"C:\\Users\\okria\\Coding\\practice\\vitest\\testing-react-with-vitest-and-reacttestinglibrary\\src\\App.css","statementMap":{},"fnMap":{},"branchMap":{},"s":{},"f":{},"b":{},"meta":{"lastBranch":0,"lastFunction":0,"lastStatement":0,"seen":{}}}
,"C:\\Users\\okria\\Coding\\practice\\vitest\\testing-react-with-vitest-and-reacttestinglibrary\\src\\App.tsx": {"path":"C:\\Users\\okria\\Coding\\practice\\vitest\\testing-react-with-vitest-and-reacttestinglibrary\\src\\App.tsx","statementMap":{"0":{"start":{"line":5,"column":2},"end":{"line":11,"column":null}}},"fnMap":{"0":{"name":"App","decl":{"start":{"line":4,"column":9},"end":{"line":4,"column":15}},"loc":{"start":{"line":4,"column":15},"end":{"line":13,"column":null}},"line":4},"1":{"name":"(anonymous_1)","decl":{"start":{"line":10,"column":45},"end":{"line":10,"column":51}},"loc":{"start":{"line":10,"column":51},"end":{"line":10,"column":55}},"line":10}},"branchMap":{},"s":{"0":3},"f":{"0":3,"1":1},"b":{},"meta":{"lastBranch":0,"lastFunction":2,"lastStatement":1,"seen":{"f:4:9:4:15":0,"s:5:2:11:Infinity":0,"f:10:45:10:51":1}}}
,"C:\\Users\\okria\\Coding\\practice\\vitest\\testing-react-with-vitest-and-reacttestinglibrary\\src\\components\\Button\\Button.tsx": {"path":"C:\\Users\\okria\\Coding\\practice\\vitest\\testing-react-with-vitest-and-reacttestinglibrary\\src\\components\\Button\\Button.tsx","statementMap":{"0":{"start":{"line":7,"column":38},"end":{"line":9,"column":null}},"1":{"start":{"line":8,"column":2},"end":{"line":8,"column":null}}},"fnMap":{"0":{"name":"(anonymous_0)","decl":{"start":{"line":7,"column":38},"end":{"line":7,"column":39}},"loc":{"start":{"line":7,"column":62},"end":{"line":9,"column":null}},"line":7}},"branchMap":{},"s":{"0":1,"1":3},"f":{"0":3},"b":{},"meta":{"lastBranch":0,"lastFunction":1,"lastStatement":2,"seen":{"s:7:38:9:Infinity":0,"f:7:38:7:39":0,"s:8:2:8:Infinity":1}}}
}
